# JRE version: OpenJDK Runtime Environment Temurin-17.0.10+7 (17.0.10+7) (build 17.0.10+7)
# Java VM: OpenJDK 64-Bit Server VM Temurin-17.0.10+7 (17.0.10+7, mixed mode, emulated-client, tiered, compressed oops, compressed class ptrs, g1 gc, linux-amd64)
GC Precious Log:
 CPUs: 3 total, 3 available
 Memory: 3919M
 Large Page Support: Disabled
 NUMA Support: Disabled
 Compressed Oops: Enabled (32-bit)
 Heap Region Size: 1M
 Heap Min Capacity: 8M
 Heap Initial Capacity: 62M
 Heap Max Capacity: 1G
 Pre-touch: Disabled
 Parallel Workers: 3
 Concurrent Workers: 1
 Concurrent Refinement Workers: 3
 Periodic GC: Disabled
Heap:
 garbage-first heap   total 278528K, used 66296K [0x00000000c0000000, 0x0000000100000000)
  region size 1024K, 16 young (16384K), 4 survivors (4096K)
 Metaspace       used 61754K, committed 62336K, reserved 1114112K
  class space    used 7865K, committed 8128K, reserved 1048576K
GC Heap History (20 events):
Event: 6620.174 GC heap before
{Heap before GC invocations=113 (full 0):
 garbage-first heap   total 278528K, used 218450K [0x00000000c0000000, 0x0000000100000000)
  region size 1024K, 163 young (166912K), 2 survivors (2048K)
 Metaspace       used 61713K, committed 62272K, reserved 1114112K
  class space    used 7856K, committed 8128K, reserved 1048576K
}
Event: 6620.183 GC heap after
{Heap after GC invocations=114 (full 0):
 garbage-first heap   total 278528K, used 54370K [0x00000000c0000000, 0x0000000100000000)
  region size 1024K, 2 young (2048K), 2 survivors (2048K)
 Metaspace       used 61713K, committed 62272K, reserved 1114112K
  class space    used 7856K, committed 8128K, reserved 1048576K
}
Event: 6707.645 GC heap before
{Heap before GC invocations=114 (full 0):
 garbage-first heap   total 278528K, used 219234K [0x00000000c0000000, 0x0000000100000000)
  region size 1024K, 163 young (166912K), 2 survivors (2048K)
 Metaspace       used 61713K, committed 62272K, reserved 1114112K
  class space    used 7856K, committed 8128K, reserved 1048576K
}
Event: 6707.648 GC heap after
{Heap after GC invocations=115 (full 0):
 garbage-first heap   total 278528K, used 53643K [0x00000000c0000000, 0x0000000100000000)
  region size 1024K, 1 young (1024K), 1 survivors (1024K)
 Metaspace       used 61713K, committed 62272K, reserved 1114112K
  class space    used 7856K, committed 8128K, reserved 1048576K
}
Event: 7016.090 GC heap before
{Heap before GC invocations=115 (full 0):
 garbage-first heap   total 278528K, used 218507K [0x00000000c0000000, 0x0000000100000000)
  region size 1024K, 163 young (166912K), 1 survivors (1024K)
 Metaspace       used 61713K, committed 62272K, reserved 1114112K
  class space    used 7856K, committed 8128K, reserved 1048576K
}
Event: 7016.101 GC heap after
{Heap after GC invocations=116 (full 0):
 garbage-first heap   total 278528K, used 55816K [0x00000000c0000000, 0x0000000100000000)
  region size 1024K, 3 young (3072K), 3 survivors (3072K)
 Metaspace       used 61713K, committed 62272K, reserved 1114112K
  class space    used 7856K, committed 8128K, reserved 1048576K
}
Event: 7043.385 GC heap before
{Heap before GC invocations=116 (full 0):
 garbage-first heap   total 278528K, used 218632K [0x00000000c0000000, 0x0000000100000000)
  region size 1024K, 163 young (166912K), 3 survivors (3072K)
 Metaspace       used 61713K, committed 62272K, reserved 1114112K
  class space    used 7856K, committed 8128K, reserved 1048576K
}
Event: 7043.393 GC heap after
{Heap after GC invocations=117 (full 0):
 garbage-first heap   total 278528K, used 55818K [0x00000000c0000000, 0x0000000100000000)
  region size 1024K, 3 young (3072K), 3 survivors (3072K)
 Metaspace       used 61713K, committed 62272K, reserved 1114112K
  class space    used 7856K, committed 8128K, reserved 1048576K
}
Event: 7057.903 GC heap before
{Heap before GC invocations=117 (full 0):
 garbage-first heap   total 278528K, used 219658K [0x00000000c0000000, 0x0000000100000000)
  region size 1024K, 163 young (166912K), 3 survivors (3072K)
 Metaspace       used 61714K, committed 62272K, reserved 1114112K
  class space    used 7856K, committed 8128K, reserved 1048576K
}
Event: 7057.909 GC heap after
{Heap after GC invocations=118 (full 0):
 garbage-first heap   total 278528K, used 55693K [0x00000000c0000000, 0x0000000100000000)
  region size 1024K, 3 young (3072K), 3 survivors (3072K)
 Metaspace       used 61714K, committed 62272K, reserved 1114112K
  class space    used 7856K, committed 8128K, reserved 1048576K
}
Event: 7098.744 GC heap before
{Heap before GC invocations=118 (full 0):
 garbage-first heap   total 278528K, used 219533K [0x00000000c0000000, 0x0000000100000000)
  region size 1024K, 163 young (166912K), 3 survivors (3072K)
 Metaspace       used 61714K, committed 62272K, reserved 1114112K
  class space    used 7856K, committed 8128K, reserved 1048576K
}
Event: 7098.750 GC heap after
{Heap after GC invocations=119 (full 0):
 garbage-first heap   total 278528K, used 56006K [0x00000000c0000000, 0x0000000100000000)
  region size 1024K, 4 young (4096K), 4 survivors (4096K)
 Metaspace       used 61714K, committed 62272K, reserved 1114112K
  class space    used 7856K, committed 8128K, reserved 1048576K
}
Event: 7116.832 GC heap before
{Heap before GC invocations=119 (full 0):
 garbage-first heap   total 278528K, used 217798K [0x00000000c0000000, 0x0000000100000000)
  region size 1024K, 163 young (166912K), 4 survivors (4096K)
 Metaspace       used 61714K, committed 62272K, reserved 1114112K
  class space    used 7856K, committed 8128K, reserved 1048576K
}
Event: 7116.838 GC heap after
{Heap after GC invocations=120 (full 0):
 garbage-first heap   total 278528K, used 56214K [0x00000000c0000000, 0x0000000100000000)
  region size 1024K, 4 young (4096K), 4 survivors (4096K)
 Metaspace       used 61714K, committed 62272K, reserved 1114112K
  class space    used 7856K, committed 8128K, reserved 1048576K
}
Event: 7140.272 GC heap before
{Heap before GC invocations=120 (full 0):
 garbage-first heap   total 278528K, used 219030K [0x00000000c0000000, 0x0000000100000000)
  region size 1024K, 163 young (166912K), 4 survivors (4096K)
 Metaspace       used 61714K, committed 62272K, reserved 1114112K
  class space    used 7856K, committed 8128K, reserved 1048576K
}
Event: 7140.281 GC heap after
{Heap after GC invocations=121 (full 0):
 garbage-first heap   total 278528K, used 56434K [0x00000000c0000000, 0x0000000100000000)
  region size 1024K, 4 young (4096K), 4 survivors (4096K)
 Metaspace       used 61714K, committed 62272K, reserved 1114112K
  class space    used 7856K, committed 8128K, reserved 1048576K
}
Event: 7189.816 GC heap before
{Heap before GC invocations=121 (full 0):
 garbage-first heap   total 278528K, used 219250K [0x00000000c0000000, 0x0000000100000000)
  region size 1024K, 163 young (166912K), 4 survivors (4096K)
 Metaspace       used 61714K, committed 62272K, reserved 1114112K
  class space    used 7856K, committed 8128K, reserved 1048576K
}
Event: 7189.824 GC heap after
{Heap after GC invocations=122 (full 0):
 garbage-first heap   total 278528K, used 56508K [0x00000000c0000000, 0x0000000100000000)
  region size 1024K, 4 young (4096K), 4 survivors (4096K)
 Metaspace       used 61714K, committed 62272K, reserved 1114112K
  class space    used 7856K, committed 8128K, reserved 1048576K
}
Event: 7769.917 GC heap before
{Heap before GC invocations=122 (full 0):
 garbage-first heap   total 278528K, used 227516K [0x00000000c0000000, 0x0000000100000000)
  region size 1024K, 163 young (166912K), 4 survivors (4096K)
 Metaspace       used 61726K, committed 62336K, reserved 1114112K
  class space    used 7859K, committed 8128K, reserved 1048576K
}
Event: 7769.920 GC heap after
{Heap after GC invocations=123 (full 0):
 garbage-first heap   total 278528K, used 56056K [0x00000000c0000000, 0x0000000100000000)
  region size 1024K, 4 young (4096K), 4 survivors (4096K)
 Metaspace       used 61726K, committed 62336K, reserved 1114112K
  class space    used 7859K, committed 8128K, reserved 1048576K
}

